Started GET "/" for 127.0.0.1 at 2021-03-25 18:10:19 -0300
  [1m[35m (31.3ms)[0m  [1m[34mSELECT sqlite_version(*)[0m
Processing by Rails::WelcomeController#index as HTML
  Rendering /var/lib/gems/2.7.0/gems/railties-6.1.3/lib/rails/templates/rails/welcome/index.html.erb
  Rendered /var/lib/gems/2.7.0/gems/railties-6.1.3/lib/rails/templates/rails/welcome/index.html.erb (Duration: 20.3ms | Allocations: 444)
Completed 200 OK in 65ms (Views: 33.4ms | ActiveRecord: 0.0ms | Allocations: 3631)


MiniProfiler storage failure: Permission denied @ rb_sysopen - /home/alexandre/Desktop/rails-blog/blog/tmp/miniprofiler/mp_timers_ay5z6gnj94b7vcxfpb31
Started GET "/" for 127.0.0.1 at 2021-03-25 18:11:53 -0300
Processing by Rails::WelcomeController#index as HTML
  Rendering /var/lib/gems/2.7.0/gems/railties-6.1.3/lib/rails/templates/rails/welcome/index.html.erb
  Rendered /var/lib/gems/2.7.0/gems/railties-6.1.3/lib/rails/templates/rails/welcome/index.html.erb (Duration: 25.3ms | Allocations: 215)
Completed 200 OK in 46ms (Views: 33.0ms | ActiveRecord: 0.0ms | Allocations: 829)


MiniProfiler storage failure: Permission denied @ rb_sysopen - /home/alexandre/Desktop/rails-blog/blog/tmp/miniprofiler/mp_timers_zragaec6w0kbs6dh98fa
MiniProfiler storage failure: Permission denied @ rb_sysopen - /home/alexandre/Desktop/rails-blog/blog/tmp/miniprofiler/mp_timers_b7g2g3tdvm1izjjxf6t8
MiniProfiler storage failure: Permission denied @ rb_sysopen - /home/alexandre/Desktop/rails-blog/blog/tmp/miniprofiler/mp_timers_1zf9t8tsrj4npjp38rjh
Started GET "/" for 127.0.0.1 at 2021-03-25 18:41:08 -0300
  [1m[35m (0.8ms)[0m  [1m[34mSELECT sqlite_version(*)[0m
Processing by Rails::WelcomeController#index as HTML
  Rendering /var/lib/gems/2.7.0/gems/railties-6.1.3/lib/rails/templates/rails/welcome/index.html.erb
  Rendered /var/lib/gems/2.7.0/gems/railties-6.1.3/lib/rails/templates/rails/welcome/index.html.erb (Duration: 9.1ms | Allocations: 330)
Completed 200 OK in 31ms (Views: 16.8ms | ActiveRecord: 0.0ms | Allocations: 2440)


MiniProfiler storage failure: Permission denied @ rb_sysopen - /home/alexandre/Desktop/rails-blog/blog/tmp/miniprofiler/mp_timers_khkn99sv3tgxfqkve0pi
Started GET "/" for 127.0.0.1 at 2021-03-25 18:55:38 -0300
  [1m[35m (0.3ms)[0m  [1m[34mSELECT sqlite_version(*)[0m
Processing by Rails::WelcomeController#index as HTML
  Rendering /var/lib/gems/2.7.0/gems/railties-6.1.3/lib/rails/templates/rails/welcome/index.html.erb
  Rendered /var/lib/gems/2.7.0/gems/railties-6.1.3/lib/rails/templates/rails/welcome/index.html.erb (Duration: 5.3ms | Allocations: 332)
Completed 200 OK in 15ms (Views: 7.5ms | ActiveRecord: 0.0ms | Allocations: 2443)


MiniProfiler storage failure: Permission denied @ rb_sysopen - /home/alexandre/Desktop/rails-studying/blog/tmp/miniprofiler/mp_timers_8zqxsbhupfytcgks5w8q
MiniProfiler storage failure: Permission denied @ rb_sysopen - /home/alexandre/Desktop/rails-studying/blog/tmp/miniprofiler/mp_timers_p74pabrqifv73htm8v49
Started GET "/" for 127.0.0.1 at 2021-03-25 19:00:07 -0300
Processing by Rails::WelcomeController#index as HTML
  Rendering /var/lib/gems/2.7.0/gems/railties-6.1.3/lib/rails/templates/rails/welcome/index.html.erb
  Rendered /var/lib/gems/2.7.0/gems/railties-6.1.3/lib/rails/templates/rails/welcome/index.html.erb (Duration: 4.6ms | Allocations: 215)
Completed 200 OK in 7ms (Views: 5.7ms | ActiveRecord: 0.0ms | Allocations: 829)


MiniProfiler storage failure: Permission denied @ rb_sysopen - /home/alexandre/Desktop/rails-studying/blog/tmp/miniprofiler/mp_timers_17jb91junutyk188cpi1
Started GET "/" for 127.0.0.1 at 2021-03-29 16:16:53 -0300
  [1m[35m (1.2ms)[0m  [1m[34mSELECT sqlite_version(*)[0m
Processing by Rails::WelcomeController#index as HTML
  Rendering /var/lib/gems/2.7.0/gems/railties-6.1.3/lib/rails/templates/rails/welcome/index.html.erb
  Rendered /var/lib/gems/2.7.0/gems/railties-6.1.3/lib/rails/templates/rails/welcome/index.html.erb (Duration: 13.4ms | Allocations: 332)
Completed 200 OK in 27ms (Views: 16.1ms | ActiveRecord: 0.0ms | Allocations: 2458)


MiniProfiler storage failure: Permission denied @ rb_sysopen - /home/alexandre/Desktop/rails-studying/blog/tmp/miniprofiler/mp_timers_bydckmks0eq5olisua56
MiniProfiler storage failure: Permission denied @ rb_sysopen - /home/alexandre/Desktop/rails-studying/blog/tmp/miniprofiler/mp_timers_n20wi5jvc7583bzengpe
Started GET "/" for 127.0.0.1 at 2021-03-29 16:18:06 -0300
  [1m[35m (0.3ms)[0m  [1m[34mSELECT sqlite_version(*)[0m
Processing by Rails::WelcomeController#index as HTML
  Rendering /var/lib/gems/2.7.0/gems/railties-6.1.3/lib/rails/templates/rails/welcome/index.html.erb
  Rendered /var/lib/gems/2.7.0/gems/railties-6.1.3/lib/rails/templates/rails/welcome/index.html.erb (Duration: 6.2ms | Allocations: 332)
Completed 200 OK in 16ms (Views: 7.9ms | ActiveRecord: 0.0ms | Allocations: 2535)


MiniProfiler storage failure: Permission denied @ rb_sysopen - /home/alexandre/Desktop/rails-studying/blog/tmp/miniprofiler/mp_timers_4nf1i7rvep6umhvuc6vw
Started GET "/" for 127.0.0.1 at 2021-03-29 16:22:35 -0300
Processing by ArticlesController#index as HTML
  Rendering layout layouts/application.html.erb
  Rendering articles/index.html.erb within layouts/application
  Rendered articles/index.html.erb within layouts/application (Duration: 0.8ms | Allocations: 110)
[Webpacker] Compiling...
[Webpacker] Compiled all packs in /home/alexandre/Desktop/rails-studying/blog/public/packs
[Webpacker] Hash: e332c6419728fac579d5
Version: webpack 4.46.0
Time: 1938ms
Built at: 03/29/2021 4:22:40 PM
                                     Asset       Size       Chunks                         Chunk Names
    js/application-f826770d917d8a37c1d8.js    125 KiB  application  [emitted] [immutable]  application
js/application-f826770d917d8a37c1d8.js.map    139 KiB  application  [emitted] [dev]        application
                             manifest.json  364 bytes               [emitted]              
Entrypoint application = js/application-f826770d917d8a37c1d8.js js/application-f826770d917d8a37c1d8.js.map
[./app/javascript/channels sync recursive _channel\.js$] ./app/javascript/channels sync _channel\.js$ 160 bytes {application} [built]
[./app/javascript/channels/index.js] 211 bytes {application} [built]
[./app/javascript/packs/application.js] 492 bytes {application} [built]
[./node_modules/webpack/buildin/module.js] (webpack)/buildin/module.js 552 bytes {application} [built]
    + 3 hidden modules

  Rendered layout layouts/application.html.erb (Duration: 4656.8ms | Allocations: 16973)
Completed 200 OK in 4662ms (Views: 4660.1ms | Allocations: 18061)


MiniProfiler storage failure: Permission denied @ rb_sysopen - /home/alexandre/Desktop/rails-studying/blog/tmp/miniprofiler/mp_timers_s0wf1umpxpti2kk59b5v
  [1m[35m (0.2ms)[0m  [1m[34mSELECT sqlite_version(*)[0m
  [1m[35m (6.7ms)[0m  [1m[35mCREATE TABLE "schema_migrations" ("version" varchar NOT NULL PRIMARY KEY)[0m
  [1m[35m (5.2ms)[0m  [1m[35mCREATE TABLE "ar_internal_metadata" ("key" varchar NOT NULL PRIMARY KEY, "value" varchar, "created_at" datetime(6) NOT NULL, "updated_at" datetime(6) NOT NULL)[0m
  [1m[35m (0.1ms)[0m  [1m[34mSELECT "schema_migrations"."version" FROM "schema_migrations" ORDER BY "schema_migrations"."version" ASC[0m
Migrating to CreateArticles (20210329193339)
  [1m[36mTRANSACTION (0.0ms)[0m  [1m[36mbegin transaction[0m
  [1m[35m (0.2ms)[0m  [1m[35mCREATE TABLE "articles" ("id" integer PRIMARY KEY AUTOINCREMENT NOT NULL, "title" varchar, "body" text, "created_at" datetime(6) NOT NULL, "updated_at" datetime(6) NOT NULL)[0m
  [1m[36mActiveRecord::SchemaMigration Create (0.1ms)[0m  [1m[32mINSERT INTO "schema_migrations" ("version") VALUES (?)[0m  [["version", "20210329193339"]]
  [1m[36mTRANSACTION (4.4ms)[0m  [1m[36mcommit transaction[0m
  [1m[36mActiveRecord::InternalMetadata Load (0.1ms)[0m  [1m[34mSELECT "ar_internal_metadata".* FROM "ar_internal_metadata" WHERE "ar_internal_metadata"."key" = ? LIMIT ?[0m  [["key", "environment"], ["LIMIT", 1]]
  [1m[36mTRANSACTION (0.0ms)[0m  [1m[36mbegin transaction[0m
  [1m[36mActiveRecord::InternalMetadata Create (0.2ms)[0m  [1m[32mINSERT INTO "ar_internal_metadata" ("key", "value", "created_at", "updated_at") VALUES (?, ?, ?, ?)[0m  [["key", "environment"], ["value", "development"], ["created_at", "2021-03-29 19:44:23.925366"], ["updated_at", "2021-03-29 19:44:23.925366"]]
  [1m[36mTRANSACTION (4.8ms)[0m  [1m[36mcommit transaction[0m
  [1m[35m (0.0ms)[0m  [1m[34mSELECT sqlite_version(*)[0m
  [1m[35m (0.1ms)[0m  [1m[34mSELECT "schema_migrations"."version" FROM "schema_migrations" ORDER BY "schema_migrations"."version" ASC[0m
  [1m[35m (0.7ms)[0m  [1m[34mSELECT sqlite_version(*)[0m
  [1m[35m (0.2ms)[0m  [1m[34mSELECT "schema_migrations"."version" FROM "schema_migrations" ORDER BY "schema_migrations"."version" ASC[0m
  [1m[36mActiveRecord::InternalMetadata Load (0.6ms)[0m  [1m[34mSELECT "ar_internal_metadata".* FROM "ar_internal_metadata" WHERE "ar_internal_metadata"."key" = ? LIMIT ?[0m  [["key", "environment"], ["LIMIT", 1]]
  [1m[35m (0.2ms)[0m  [1m[34mSELECT sqlite_version(*)[0m
  [1m[35m (0.1ms)[0m  [1m[34mSELECT "schema_migrations"."version" FROM "schema_migrations" ORDER BY "schema_migrations"."version" ASC[0m
  [1m[35m (0.4ms)[0m  [1m[34mSELECT sqlite_version(*)[0m
  [1m[36mTRANSACTION (0.1ms)[0m  [1m[36mbegin transaction[0m
  [1m[36mArticle Create (0.3ms)[0m  [1m[32mINSERT INTO "articles" ("title", "body", "created_at", "updated_at") VALUES (?, ?, ?, ?)[0m  [["title", "Hello Rails"], ["body", "I am on Rails!"], ["created_at", "2021-03-30 13:59:06.368486"], ["updated_at", "2021-03-30 13:59:06.368486"]]
  [1m[36mTRANSACTION (18.7ms)[0m  [1m[36mcommit transaction[0m
  [1m[36mArticle Load (0.3ms)[0m  [1m[34mSELECT "articles".* FROM "articles" WHERE "articles"."id" = ? LIMIT ?[0m  [["id", 1], ["LIMIT", 1]]
  [1m[36mArticle Load (0.2ms)[0m  [1m[34mSELECT "articles".* FROM "articles" /* loading for inspect */ LIMIT ?[0m  [["LIMIT", 11]]
Started GET "/" for 127.0.0.1 at 2021-03-30 11:15:19 -0300
  [1m[35m (0.3ms)[0m  [1m[34mSELECT sqlite_version(*)[0m
  [1m[35m (0.1ms)[0m  [1m[34mSELECT "schema_migrations"."version" FROM "schema_migrations" ORDER BY "schema_migrations"."version" ASC[0m
Processing by ArticlesController#index as HTML
  Rendering layout layouts/application.html.erb
  Rendering articles/index.html.erb within layouts/application
  Rendered articles/index.html.erb within layouts/application (Duration: 1.2ms | Allocations: 217)
[Webpacker] Everything's up-to-date. Nothing to do
  Rendered layout layouts/application.html.erb (Duration: 16.1ms | Allocations: 5239)
Completed 200 OK in 32ms (Views: 21.6ms | ActiveRecord: 0.0ms | Allocations: 8032)


MiniProfiler storage failure: Permission denied @ rb_sysopen - /home/alexandre/Desktop/rails-studying/blog/tmp/miniprofiler/mp_timers_g72nh5wlvlx2779gaixb
MiniProfiler storage failure: Permission denied @ rb_sysopen - /home/alexandre/Desktop/rails-studying/blog/tmp/miniprofiler/mp_timers_ma7aj4gont92g4n4wmz
Started GET "/" for 127.0.0.1 at 2021-03-30 11:15:25 -0300
Processing by ArticlesController#index as HTML
  Rendering layout layouts/application.html.erb
  Rendering articles/index.html.erb within layouts/application
  [1m[36mArticle Load (0.2ms)[0m  [1m[34mSELECT "articles".* FROM "articles"[0m
  ↳ app/views/articles/index.html.erb:4
  Rendered articles/index.html.erb within layouts/application (Duration: 17.4ms | Allocations: 3867)
[Webpacker] Everything's up-to-date. Nothing to do
  Rendered layout layouts/application.html.erb (Duration: 23.4ms | Allocations: 7005)
Completed 200 OK in 30ms (Views: 25.4ms | ActiveRecord: 2.2ms | Allocations: 8121)


MiniProfiler storage failure: Permission denied @ rb_sysopen - /home/alexandre/Desktop/rails-studying/blog/tmp/miniprofiler/mp_timers_t98x3qx2npdglnkpd96y
  [1m[35m (0.3ms)[0m  [1m[34mSELECT sqlite_version(*)[0m
  [1m[36mTRANSACTION (0.1ms)[0m  [1m[36mbegin transaction[0m
  [1m[36mArticle Create (2.8ms)[0m  [1m[32mINSERT INTO "articles" ("title", "body", "created_at", "updated_at") VALUES (?, ?, ?, ?)[0m  [["title", "Teste-1"], ["body", "Mensagem de teste 1"], ["created_at", "2021-03-30 14:18:13.487504"], ["updated_at", "2021-03-30 14:18:13.487504"]]
  [1m[36mTRANSACTION (18.1ms)[0m  [1m[36mcommit transaction[0m
  [1m[36mTRANSACTION (0.1ms)[0m  [1m[36mbegin transaction[0m
  [1m[36mArticle Create (0.5ms)[0m  [1m[32mINSERT INTO "articles" ("title", "body", "created_at", "updated_at") VALUES (?, ?, ?, ?)[0m  [["title", "Teste-2"], ["body", "Mensagem de teste 2"], ["created_at", "2021-03-30 14:18:15.944565"], ["updated_at", "2021-03-30 14:18:15.944565"]]
  [1m[36mTRANSACTION (17.5ms)[0m  [1m[36mcommit transaction[0m
Started GET "/" for 127.0.0.1 at 2021-03-30 11:18:26 -0300
  [1m[35m (0.2ms)[0m  [1m[34mSELECT sqlite_version(*)[0m
  [1m[35m (0.1ms)[0m  [1m[34mSELECT "schema_migrations"."version" FROM "schema_migrations" ORDER BY "schema_migrations"."version" ASC[0m
Processing by ArticlesController#index as HTML
  Rendering layout layouts/application.html.erb
  Rendering articles/index.html.erb within layouts/application
  [1m[36mArticle Load (0.1ms)[0m  [1m[34mSELECT "articles".* FROM "articles"[0m
  ↳ app/views/articles/index.html.erb:4
  Rendered articles/index.html.erb within layouts/application (Duration: 13.9ms | Allocations: 3990)
[Webpacker] Everything's up-to-date. Nothing to do
  Rendered layout layouts/application.html.erb (Duration: 27.3ms | Allocations: 9001)
Completed 200 OK in 34ms (Views: 28.0ms | ActiveRecord: 0.8ms | Allocations: 11851)


MiniProfiler storage failure: Permission denied @ rb_sysopen - /home/alexandre/Desktop/rails-studying/blog/tmp/miniprofiler/mp_timers_9welwhssz2sf1l29hqqr
Started GET "/" for 127.0.0.1 at 2021-03-30 11:27:58 -0300
  [1m[35m (0.7ms)[0m  [1m[34mSELECT sqlite_version(*)[0m
  [1m[35m (0.8ms)[0m  [1m[34mSELECT "schema_migrations"."version" FROM "schema_migrations" ORDER BY "schema_migrations"."version" ASC[0m
Processing by ArticlesController#index as HTML
  Rendering layout layouts/application.html.erb
  Rendering articles/index.html.erb within layouts/application
  [1m[36mArticle Load (0.3ms)[0m  [1m[34mSELECT "articles".* FROM "articles"[0m
  ↳ app/views/articles/index.html.erb:4
  Rendered articles/index.html.erb within layouts/application (Duration: 8.9ms | Allocations: 3988)
[Webpacker] Everything's up-to-date. Nothing to do
  Rendered layout layouts/application.html.erb (Duration: 25.1ms | Allocations: 8980)
Completed 200 OK in 38ms (Views: 26.3ms | ActiveRecord: 1.1ms | Allocations: 11866)


MiniProfiler storage failure: Permission denied @ rb_sysopen - /home/alexandre/workspace/studying-rails-blog/tmp/miniprofiler/mp_timers_5rv582vkqloyrzj3rplr
